Using pre-set license
Built from '2020.3/staging' branch; Version is '2020.3.3f1 (76626098c1c4) revision 7758432'; Using compiler version '192528614'; Build Type 'Release'
OS: 'Windows 10 Pro; OS build 17763.1217; Version 1809; 64bit' Language: 'es' Physical Memory: 16315 MB
BatchMode: 1, IsHumanControllingUs: 0, StartBugReporterOnCrash: 0, Is64bit: 1, IsPro: 0

 COMMAND LINE ARGUMENTS:
D:\unity\2020.3.3f1\Editor\Unity.exe
-adb2
-batchMode
-noUpm
-name
AssetImportWorker0
-projectPath
D:/unity/dise単o de mecanicas/plataformero/Npg Plataformero
-logFile
Logs/AssetImportWorker0.log
-srvPort
61379
Successfully changed project path to: D:/unity/dise単o de mecanicas/plataformero/Npg Plataformero
D:/unity/dise単o de mecanicas/plataformero/Npg Plataformero
Using Asset Import Pipeline V2.
Refreshing native plugins compatible for Editor in 98.19 ms, found 0 plugins.
Preloading 0 native plugins for Editor in 0.00 ms.
Initialize engine version: 2020.3.3f1 (76626098c1c4)
[Subsystems] Discovering subsystems at path D:/unity/2020.3.3f1/Editor/Data/Resources/UnitySubsystems
[Subsystems] Discovering subsystems at path D:/unity/dise単o de mecanicas/plataformero/Npg Plataformero/Assets
GfxDevice: creating device client; threaded=0
Direct3D:
    Version:  Direct3D 11.0 [level 11.1]
    Renderer: Radeon RX 570 Series (ID=0x67df)
    Vendor:   
    VRAM:     4041 MB
    Driver:   26.20.13031.18002
Initialize mono
Mono path[0] = 'D:/unity/2020.3.3f1/Editor/Data/Managed'
Mono path[1] = 'D:/unity/2020.3.3f1/Editor/Data/MonoBleedingEdge/lib/mono/unityjit'
Mono config path = 'D:/unity/2020.3.3f1/Editor/Data/MonoBleedingEdge/etc'
Using monoOptions --debugger-agent=transport=dt_socket,embedding=1,server=y,suspend=n,address=127.0.0.1:56460
Begin MonoManager ReloadAssembly
Registering precompiled unity dll's ...
Register platform support module: D:/unity/2020.3.3f1/Editor/Data/PlaybackEngines/WindowsStandaloneSupport/UnityEditor.WindowsStandalone.Extensions.dll
Registered in 0.000988 seconds.
Native extension for WindowsStandalone target not found
Refreshing native plugins compatible for Editor in 84.30 ms, found 0 plugins.
Preloading 0 native plugins for Editor in 0.00 ms.
Unable to find bridge dll on disk for Microsoft Visual Studio Tools for Unity for C:\Program Files (x86)\Microsoft Visual Studio Tools for Unity\16.0\Editor\SyntaxTree.VisualStudio.Unity.Bridge.dll
Invoked RoslynAnalysisRunner static constructor.
RoslynAnalysisRunner will not be running.
RoslynAnalysisRunner has terminated.
Mono: successfully reloaded assembly
- Completed reload, in  1.769 seconds
Platform modules already initialized, skipping
Registering precompiled user dll's ...
Registered in 0.001892 seconds.
Begin MonoManager ReloadAssembly
Native extension for WindowsStandalone target not found
Refreshing native plugins compatible for Editor in 0.77 ms, found 0 plugins.
Preloading 0 native plugins for Editor in 0.00 ms.
Invoked RoslynAnalysisRunner static constructor.
RoslynAnalysisRunner will not be running.
RoslynAnalysisRunner has terminated.
Mono: successfully reloaded assembly
- Completed reload, in  1.544 seconds
Platform modules already initialized, skipping
========================================================================
Worker process is ready to serve import requests
Launched and connected shader compiler UnityShaderCompiler.exe after 0.08 seconds
Refreshing native plugins compatible for Editor in 1.12 ms, found 0 plugins.
Preloading 0 native plugins for Editor in 0.00 ms.
Unloading 1668 Unused Serialized files (Serialized files now loaded: 0)
System memory in use before: 88.1 MB.
System memory in use after: 88.2 MB.

Unloading 13 unused Assets to reduce memory usage. Loaded Objects now: 2122.
Total: 5.140100 ms (FindLiveObjects: 0.539800 ms CreateObjectMapping: 0.127300 ms MarkObjects: 4.422300 ms  DeleteObjects: 0.048500 ms)

========================================================================
Received Prepare
Refreshing native plugins compatible for Editor in 2.06 ms, found 0 plugins.
Preloading 0 native plugins for Editor in 0.00 ms.
Unloading 2 Unused Serialized files (Serialized files now loaded: 0)
System memory in use before: 50.8 MB.
System memory in use after: 51.0 MB.

Unloading 2 unused Assets to reduce memory usage. Loaded Objects now: 2122.
Total: 4.210700 ms (FindLiveObjects: 0.473500 ms CreateObjectMapping: 0.126800 ms MarkObjects: 3.580400 ms  DeleteObjects: 0.027900 ms)

========================================================================
Received Import Request.
  path: Assets/PLATAFORMERO ESCENAS/Level 3.unity
  artifactKey: Guid(eb51a05a4aced9d44beddd6c21f04d34) Importer(815301076,1909f56bfc062723c751e8b465ee728b)
Start importing Assets/PLATAFORMERO ESCENAS/Level 3.unity using Guid(eb51a05a4aced9d44beddd6c21f04d34) Importer(815301076,1909f56bfc062723c751e8b465ee728b)  -> (artifact id: 'aa2549f49a53d4b9a88b85304495b918') in 0.052729 seconds
  Import took 0.059315 seconds .

========================================================================
Received Import Request.
  Time since last request: 188.513500 seconds.
  path: Assets/PLATAFORMERO ESCENAS/Level 2.unity
  artifactKey: Guid(68916d233a7f3e74ea036f972f6ecab9) Importer(815301076,1909f56bfc062723c751e8b465ee728b)
Start importing Assets/PLATAFORMERO ESCENAS/Level 2.unity using Guid(68916d233a7f3e74ea036f972f6ecab9) Importer(815301076,1909f56bfc062723c751e8b465ee728b)  -> (artifact id: '60006a7ce58494c03f9320be68603d3c') in 0.009551 seconds
  Import took 0.014698 seconds .

========================================================================
Received Prepare
Registering precompiled user dll's ...
Registered in 0.001328 seconds.
Begin MonoManager ReloadAssembly
Native extension for WindowsStandalone target not found
Refreshing native plugins compatible for Editor in 0.77 ms, found 0 plugins.
Preloading 0 native plugins for Editor in 0.00 ms.
Invoked RoslynAnalysisRunner static constructor.
RoslynAnalysisRunner will not be running.
RoslynAnalysisRunner has terminated.
Mono: successfully reloaded assembly
- Completed reload, in  1.525 seconds
Platform modules already initialized, skipping
Refreshing native plugins compatible for Editor in 1.19 ms, found 0 plugins.
Preloading 0 native plugins for Editor in 0.00 ms.
Unloading 1611 Unused Serialized files (Serialized files now loaded: 0)
System memory in use before: 83.0 MB.
System memory in use after: 83.1 MB.

Unloading 5 unused Assets to reduce memory usage. Loaded Objects now: 2125.
Total: 4.147000 ms (FindLiveObjects: 0.396600 ms CreateObjectMapping: 0.103100 ms MarkObjects: 3.608200 ms  DeleteObjects: 0.037200 ms)

========================================================================
Received Prepare
Registering precompiled user dll's ...
Registered in 0.001215 seconds.
Begin MonoManager ReloadAssembly
Native extension for WindowsStandalone target not found
Refreshing native plugins compatible for Editor in 0.68 ms, found 0 plugins.
Preloading 0 native plugins for Editor in 0.00 ms.
Invoked RoslynAnalysisRunner static constructor.
RoslynAnalysisRunner will not be running.
RoslynAnalysisRunner has terminated.
Mono: successfully reloaded assembly
- Completed reload, in  1.551 seconds
Platform modules already initialized, skipping
Refreshing native plugins compatible for Editor in 1.00 ms, found 0 plugins.
Preloading 0 native plugins for Editor in 0.00 ms.
Unloading 1611 Unused Serialized files (Serialized files now loaded: 0)
System memory in use before: 83.0 MB.
System memory in use after: 83.1 MB.

Unloading 5 unused Assets to reduce memory usage. Loaded Objects now: 2128.
Total: 3.774000 ms (FindLiveObjects: 0.490000 ms CreateObjectMapping: 0.116400 ms MarkObjects: 3.136100 ms  DeleteObjects: 0.029500 ms)

========================================================================
Received Prepare
Registering precompiled user dll's ...
Registered in 0.001559 seconds.
Begin MonoManager ReloadAssembly
Native extension for WindowsStandalone target not found
Refreshing native plugins compatible for Editor in 1.12 ms, found 0 plugins.
Preloading 0 native plugins for Editor in 0.00 ms.
Invoked RoslynAnalysisRunner static constructor.
RoslynAnalysisRunner will not be running.
RoslynAnalysisRunner has terminated.
Mono: successfully reloaded assembly
- Completed reload, in  1.587 seconds
Platform modules already initialized, skipping
Refreshing native plugins compatible for Editor in 0.67 ms, found 0 plugins.
Preloading 0 native plugins for Editor in 0.00 ms.
Unloading 1611 Unused Serialized files (Serialized files now loaded: 0)
System memory in use before: 83.0 MB.
System memory in use after: 83.2 MB.

Unloading 5 unused Assets to reduce memory usage. Loaded Objects now: 2131.
Total: 2.095600 ms (FindLiveObjects: 0.185500 ms CreateObjectMapping: 0.039100 ms MarkObjects: 1.852000 ms  DeleteObjects: 0.018100 ms)

========================================================================
Received Import Request.
  Time since last request: 673.489048 seconds.
  path: Assets/PLATAFORMERO ESCENAS/Level 3.unity
  artifactKey: Guid(eb51a05a4aced9d44beddd6c21f04d34) Importer(815301076,1909f56bfc062723c751e8b465ee728b)
Start importing Assets/PLATAFORMERO ESCENAS/Level 3.unity using Guid(eb51a05a4aced9d44beddd6c21f04d34) Importer(815301076,1909f56bfc062723c751e8b465ee728b)  -> (artifact id: 'd67a9391bbbe5a896bedcac321c2a149') in 0.028063 seconds
  Import took 0.034621 seconds .

========================================================================
Received Prepare
Registering precompiled user dll's ...
Registered in 0.001006 seconds.
Begin MonoManager ReloadAssembly
Native extension for WindowsStandalone target not found
Refreshing native plugins compatible for Editor in 0.69 ms, found 0 plugins.
Preloading 0 native plugins for Editor in 0.00 ms.
Invoked RoslynAnalysisRunner static constructor.
RoslynAnalysisRunner will not be running.
RoslynAnalysisRunner has terminated.
Mono: successfully reloaded assembly
- Completed reload, in  1.317 seconds
Platform modules already initialized, skipping
Refreshing native plugins compatible for Editor in 1.12 ms, found 0 plugins.
Preloading 0 native plugins for Editor in 0.00 ms.
Unloading 1611 Unused Serialized files (Serialized files now loaded: 0)
System memory in use before: 83.1 MB.
System memory in use after: 83.2 MB.

Unloading 5 unused Assets to reduce memory usage. Loaded Objects now: 2134.
Total: 2.112300 ms (FindLiveObjects: 0.191500 ms CreateObjectMapping: 0.057500 ms MarkObjects: 1.847600 ms  DeleteObjects: 0.014900 ms)

AssetImportWorkerClient::OnTransportError - code=2 error=End of file
